<?xml version="1.0" encoding="UTF-8"?>
<testng-results skipped="0" failed="0" total="1" passed="1">
  <reporter-output>
    <line>
      <![CDATA[Successfully running]]>
    </line>
  </reporter-output>
  <suite name="Suite" duration-ms="91" started-at="2020-08-04T11:09:32Z" finished-at="2020-08-04T11:09:32Z">
    <groups>
    </groups>
    <test name="Test" duration-ms="91" started-at="2020-08-04T11:09:32Z" finished-at="2020-08-04T11:09:32Z">
      <class name="com.actitime.timetrack.Demo">
        <test-method status="PASS" signature="runTest()[pri:0, instance:com.actitime.timetrack.Demo@be83e4]" name="runTest" duration-ms="25" started-at="2020-08-04T16:39:32Z" finished-at="2020-08-04T16:39:32Z">
          <reporter-output>
            <line>
              <![CDATA[Successfully running]]>
            </line>
          </reporter-output>
        </test-method> <!-- runTest -->
      </class> <!-- com.actitime.timetrack.Demo -->
    </test> <!-- Test -->
  </suite> <!-- Suite -->
</testng-results>
